<?xml version="1.0" encoding="UTF-8"?>
<!-- Generated by org.testng.reporters.JUnitReportReporter -->
<testsuite hostname="Abhi" failures="0" tests="4" name="testcases.LoginTest" time="132.023" errors="0" timestamp="2026-04-21T11:43:42 IST" skipped="0">
  <testcase classname="testcases.LoginTest" name="verifyLogin" time="11.052"/>
  <testcase classname="testcases.LoginTest" name="verifyLogin" time="62.246"/>
  <testcase classname="testcases.LoginTest" name="verifyLogin" time="34.491"/>
  <testcase classname="testcases.LoginTest" name="verifyLogin" time="24.234"/>
</testsuite> <!-- testcases.LoginTest -->
